<?xml version="1.0" encoding="UTF-8"?>
<testng-results ignored="0" total="1" passed="1" failed="0" skipped="0">
  <reporter-output>
  </reporter-output>
  <suite started-at="2021-01-08T21:26:25Z" name="Suite" finished-at="2021-01-08T21:27:03Z" duration-ms="37659">
    <groups>
    </groups>
    <test started-at="2021-01-08T21:26:25Z" name="Test" finished-at="2021-01-08T21:27:03Z" duration-ms="37659">
      <class name="com.dollardays.testcases.newaccounttest">
        <test-method is-config="true" signature="beforeClass()[pri:0, instance:com.dollardays.testcases.newaccounttest@533bda92]" started-at="2021-01-08T21:26:25Z" name="beforeClass" finished-at="2021-01-08T21:26:25Z" duration-ms="37" status="PASS">
          <reporter-output>
          </reporter-output>
        </test-method> <!-- beforeClass -->
        <test-method is-config="true" signature="setUpBrowser()[pri:0, instance:com.dollardays.testcases.newaccounttest@533bda92]" started-at="2021-01-08T21:26:28Z" name="setUpBrowser" finished-at="2021-01-08T21:26:46Z" duration-ms="18714" status="PASS">
          <reporter-output>
          </reporter-output>
        </test-method> <!-- setUpBrowser -->
        <test-method signature="createlogin(java.util.Hashtable)[pri:0, instance:com.dollardays.testcases.newaccounttest@533bda92]" started-at="2021-01-08T21:26:46Z" name="createlogin" data-provider="dd-dataprovider" finished-at="2021-01-08T21:27:00Z" duration-ms="13475" status="PASS">
          <params>
            <param index="0">
              <value>
                <![CDATA[{TestCase=Verify valid data, TCID=TC1, Lastname=lars, SheetName=Sheet2, Confirmpassword=345.0, Runmode=Yes, Email=abc@gmail.com, Firstname=john, Password=345.0, Number=4.005006E8}]]>
              </value>
            </param>
          </params>
          <reporter-output>
          </reporter-output>
        </test-method> <!-- createlogin -->
        <test-method is-config="true" signature="quit()[pri:0, instance:com.dollardays.testcases.newaccounttest@533bda92]" started-at="2021-01-08T21:27:00Z" name="quit" finished-at="2021-01-08T21:27:03Z" duration-ms="3128" status="PASS">
          <reporter-output>
          </reporter-output>
        </test-method> <!-- quit -->
        <test-method is-config="true" signature="afterClass()[pri:0, instance:com.dollardays.testcases.newaccounttest@533bda92]" started-at="2021-01-08T21:27:03Z" name="afterClass" finished-at="2021-01-08T21:27:03Z" duration-ms="1" status="PASS">
          <reporter-output>
          </reporter-output>
        </test-method> <!-- afterClass -->
      </class> <!-- com.dollardays.testcases.newaccounttest -->
    </test> <!-- Test -->
  </suite> <!-- Suite -->
</testng-results>
