<?xml version="1.0" encoding="UTF-8"?>
<!-- Generated by org.testng.reporters.JUnitXMLReporter -->
<testsuite hostname="LAPTOP-5QL3TF37" ignored="0" name="Test" tests="6" failures="0" timestamp="2021-01-06T17:10:01 CST" time="149.231" errors="0">
  <testcase name="createlogin" time="12.216" classname="com.dollardays.testcases.newaccounttest"/>
  <testcase name="createlogin" time="7.869" classname="com.dollardays.testcases.newaccounttest"/>
  <testcase name="createlogin" time="11.569" classname="com.dollardays.testcases.newaccounttest"/>
  <testcase name="createlogin" time="7.393" classname="com.dollardays.testcases.newaccounttest"/>
  <testcase name="createlogin" time="8.203" classname="com.dollardays.testcases.newaccounttest"/>
  <testcase name="createlogin" time="8.762" classname="com.dollardays.testcases.newaccounttest"/>
</testsuite> <!-- Test -->
