<?xml version="1.0" encoding="UTF-8"?>
<testng-results skipped="0" failed="0" ignored="0" total="1" passed="1">
  <reporter-output>
  </reporter-output>
  <suite name="Suite" duration-ms="31472" started-at="2021-01-06T19:24:28 CST" finished-at="2021-01-06T19:24:59 CST">
    <groups>
    </groups>
    <test name="Test" duration-ms="31472" started-at="2021-01-06T19:24:28 CST" finished-at="2021-01-06T19:24:59 CST">
      <class name="com.dollardays.testcases.newaccounttest">
        <test-method status="PASS" signature="beforeClass()[pri:0, instance:com.dollardays.testcases.newaccounttest@69b794e2]" name="beforeClass" is-config="true" duration-ms="31" started-at="2021-01-06T19:24:28 CST" finished-at="2021-01-06T19:24:28 CST">
          <reporter-output>
          </reporter-output>
        </test-method> <!-- beforeClass -->
        <test-method status="PASS" signature="setUpBrowser()[pri:0, instance:com.dollardays.testcases.newaccounttest@69b794e2]" name="setUpBrowser" is-config="true" duration-ms="15778" started-at="2021-01-06T19:24:29 CST" finished-at="2021-01-06T19:24:45 CST">
          <reporter-output>
          </reporter-output>
        </test-method> <!-- setUpBrowser -->
        <test-method status="PASS" signature="createlogin(java.util.Hashtable)[pri:0, instance:com.dollardays.testcases.newaccounttest@69b794e2]" name="createlogin" duration-ms="11273" started-at="2021-01-06T19:24:45 CST" data-provider="dd-dataprovider" finished-at="2021-01-06T19:24:56 CST">
          <params>
            <param index="0">
              <value>
                <![CDATA[{TestCase=Verify valid data, TCID=TC1, Lastname=lars, SheetName=Sheet2, Confirmpassword=345.0, Runmode=Yes, Email=abc@gmail.com, Firstname=john, Password=345.0, Number=4.005006E8}]]>
              </value>
            </param>
          </params>
          <reporter-output>
          </reporter-output>
        </test-method> <!-- createlogin -->
        <test-method status="PASS" signature="quit()[pri:0, instance:com.dollardays.testcases.newaccounttest@69b794e2]" name="quit" is-config="true" duration-ms="2657" started-at="2021-01-06T19:24:56 CST" finished-at="2021-01-06T19:24:59 CST">
          <reporter-output>
          </reporter-output>
        </test-method> <!-- quit -->
        <test-method status="PASS" signature="afterClass()[pri:0, instance:com.dollardays.testcases.newaccounttest@69b794e2]" name="afterClass" is-config="true" duration-ms="0" started-at="2021-01-06T19:24:59 CST" finished-at="2021-01-06T19:24:59 CST">
          <reporter-output>
          </reporter-output>
        </test-method> <!-- afterClass -->
      </class> <!-- com.dollardays.testcases.newaccounttest -->
    </test> <!-- Test -->
  </suite> <!-- Suite -->
</testng-results>
